This file contains any messages produced by compilers while
running configure, to aid debugging if configure makes a mistake.

It was created by simplereader.c configure frame1.c, which was
generated by GNU Autoconf 2.69.  Invocation command line was

  $ ./configure --disable-option-checking --prefix=/home/orange/libdwarf --cache-file=/dev/null --srcdir=.

## --------- ##
## Platform. ##
## --------- ##

hostname = orange
uname -m = x86_64
uname -r = 4.4.0-31-generic
uname -s = Linux
uname -v = #50~14.04.1-Ubuntu SMP Wed Jul 13 01:07:32 UTC 2016

/usr/bin/uname -p = unknown
/bin/uname -X     = unknown

/bin/arch              = unknown
/usr/bin/arch -k       = unknown
/usr/convex/getsysinfo = unknown
/usr/bin/hostinfo      = unknown
/bin/machine           = unknown
/usr/bin/oslevel       = unknown
/bin/universe          = unknown

PATH: /usr/local/sbin
PATH: /usr/local/bin
PATH: /usr/sbin
PATH: /usr/bin
PATH: /sbin
PATH: /bin
PATH: /usr/games
PATH: /usr/local/games


## ----------- ##
## Core tests. ##
## ----------- ##

configure:2097: checking for gcc
configure:2113: found /usr/bin/gcc
configure:2124: result: gcc
configure:2353: checking for C compiler version
configure:2362: gcc --version >&5
gcc (Ubuntu 4.8.4-2ubuntu1~14.04.4) 4.8.4
Copyright (C) 2013 Free Software Foundation, Inc.
This is free software; see the source for copying conditions.  There is NO
warranty; not even for MERCHANTABILITY or FITNESS FOR A PARTICULAR PURPOSE.

configure:2373: $? = 0
configure:2362: gcc -v >&5
Using built-in specs.
COLLECT_GCC=gcc
COLLECT_LTO_WRAPPER=/usr/lib/gcc/x86_64-linux-gnu/4.8/lto-wrapper
Target: x86_64-linux-gnu
Configured with: ../src/configure -v --with-pkgversion='Ubuntu 4.8.4-2ubuntu1~14.04.4' --with-bugurl=file:///usr/share/doc/gcc-4.8/README.Bugs --enable-languages=c,c++,java,go,d,fortran,objc,obj-c++ --prefix=/usr --program-suffix=-4.8 --enable-shared --enable-linker-build-id --libexecdir=/usr/lib --without-included-gettext --enable-threads=posix --with-gxx-include-dir=/usr/include/c++/4.8 --libdir=/usr/lib --enable-nls --with-sysroot=/ --enable-clocale=gnu --enable-libstdcxx-debug --enable-libstdcxx-time=yes --enable-gnu-unique-object --disable-libmudflap --enable-plugin --with-system-zlib --disable-browser-plugin --enable-java-awt=gtk --enable-gtk-cairo --with-java-home=/usr/lib/jvm/java-1.5.0-gcj-4.8-amd64/jre --enable-java-home --with-jvm-root-dir=/usr/lib/jvm/java-1.5.0-gcj-4.8-amd64 --with-jvm-jar-dir=/usr/lib/jvm-exports/java-1.5.0-gcj-4.8-amd64 --with-arch-directory=amd64 --with-ecj-jar=/usr/share/java/eclipse-ecj.jar --enable-objc-gc --enable-multiarch --disable-werror --with-arch-32=i686 --with-abi=m64 --with-multilib-list=m32,m64,mx32 --with-tune=generic --enable-checking=release --build=x86_64-linux-gnu --host=x86_64-linux-gnu --target=x86_64-linux-gnu
Thread model: posix
gcc version 4.8.4 (Ubuntu 4.8.4-2ubuntu1~14.04.4) 
configure:2373: $? = 0
configure:2362: gcc -V >&5
gcc: error: unrecognized command line option '-V'
gcc: fatal error: no input files
compilation terminated.
configure:2373: $? = 4
configure:2362: gcc -qversion >&5
gcc: error: unrecognized command line option '-qversion'
gcc: fatal error: no input files
compilation terminated.
configure:2373: $? = 4
configure:2393: checking whether the C compiler works
configure:2415: gcc    conftest.c  >&5
configure:2419: $? = 0
configure:2467: result: yes
configure:2470: checking for C compiler default output file name
configure:2472: result: a.out
configure:2478: checking for suffix of executables
configure:2485: gcc -o conftest    conftest.c  >&5
configure:2489: $? = 0
configure:2511: result: 
configure:2533: checking whether we are cross compiling
configure:2541: gcc -o conftest    conftest.c  >&5
configure:2545: $? = 0
configure:2552: ./conftest
configure:2556: $? = 0
configure:2571: result: no
configure:2576: checking for suffix of object files
configure:2598: gcc -c   conftest.c >&5
configure:2602: $? = 0
configure:2623: result: o
configure:2627: checking whether we are using the GNU C compiler
configure:2646: gcc -c   conftest.c >&5
configure:2646: $? = 0
configure:2655: result: yes
configure:2664: checking whether gcc accepts -g
configure:2684: gcc -c -g  conftest.c >&5
configure:2684: $? = 0
configure:2725: result: yes
configure:2742: checking for gcc option to accept ISO C89
configure:2805: gcc  -c -g -O2  conftest.c >&5
configure:2805: $? = 0
configure:2818: result: none needed
configure:2896: checking for g++
configure:2926: result: no
configure:2896: checking for c++
configure:2926: result: no
configure:2896: checking for gpp
configure:2926: result: no
configure:2896: checking for aCC
configure:2926: result: no
configure:2896: checking for CC
configure:2926: result: no
configure:2896: checking for cxx
configure:2926: result: no
configure:2896: checking for cc++
configure:2926: result: no
configure:2896: checking for cl.exe
configure:2926: result: no
configure:2896: checking for FCC
configure:2926: result: no
configure:2896: checking for KCC
configure:2926: result: no
configure:2896: checking for RCC
configure:2926: result: no
configure:2896: checking for xlC_r
configure:2926: result: no
configure:2896: checking for xlC
configure:2926: result: no
configure:2950: checking for C++ compiler version
configure:2959: g++ --version >&5
./configure: line 2961: g++: command not found
configure:2970: $? = 127
configure:2959: g++ -v >&5
./configure: line 2961: g++: command not found
configure:2970: $? = 127
configure:2959: g++ -V >&5
./configure: line 2961: g++: command not found
configure:2970: $? = 127
configure:2959: g++ -qversion >&5
./configure: line 2961: g++: command not found
configure:2970: $? = 127
configure:2974: checking whether we are using the GNU C++ compiler
configure:2993: g++ -c   conftest.cpp >&5
./configure: line 1474: g++: command not found
configure:2993: $? = 127
configure: failed program was:
| /* confdefs.h */
| #define PACKAGE_NAME "simplereader.c"
| #define PACKAGE_TARNAME "simplereader-c"
| #define PACKAGE_VERSION "frame1.c"
| #define PACKAGE_STRING "simplereader.c frame1.c"
| #define PACKAGE_BUGREPORT ""
| #define PACKAGE_URL ""
| /* end confdefs.h.  */
| 
| int
| main ()
| {
| #ifndef __GNUC__
|        choke me
| #endif
| 
|   ;
|   return 0;
| }
configure:3002: result: no
configure:3011: checking whether g++ accepts -g
configure:3031: g++ -c -g  conftest.cpp >&5
./configure: line 1474: g++: command not found
configure:3031: $? = 127
configure: failed program was:
| /* confdefs.h */
| #define PACKAGE_NAME "simplereader.c"
| #define PACKAGE_TARNAME "simplereader-c"
| #define PACKAGE_VERSION "frame1.c"
| #define PACKAGE_STRING "simplereader.c frame1.c"
| #define PACKAGE_BUGREPORT ""
| #define PACKAGE_URL ""
| /* end confdefs.h.  */
| 
| int
| main ()
| {
| 
|   ;
|   return 0;
| }
configure:3046: g++ -c   conftest.cpp >&5
./configure: line 1474: g++: command not found
configure:3046: $? = 127
configure: failed program was:
| /* confdefs.h */
| #define PACKAGE_NAME "simplereader.c"
| #define PACKAGE_TARNAME "simplereader-c"
| #define PACKAGE_VERSION "frame1.c"
| #define PACKAGE_STRING "simplereader.c frame1.c"
| #define PACKAGE_BUGREPORT ""
| #define PACKAGE_URL ""
| /* end confdefs.h.  */
| 
| int
| main ()
| {
| 
|   ;
|   return 0;
| }
configure:3062: g++ -c -g  conftest.cpp >&5
./configure: line 1474: g++: command not found
configure:3062: $? = 127
configure: failed program was:
| /* confdefs.h */
| #define PACKAGE_NAME "simplereader.c"
| #define PACKAGE_TARNAME "simplereader-c"
| #define PACKAGE_VERSION "frame1.c"
| #define PACKAGE_STRING "simplereader.c frame1.c"
| #define PACKAGE_BUGREPORT ""
| #define PACKAGE_URL ""
| /* end confdefs.h.  */
| 
| int
| main ()
| {
| 
|   ;
|   return 0;
| }
configure:3072: result: no
configure:3101: checking how to run the C preprocessor
configure:3132: gcc -E  conftest.c
configure:3132: $? = 0
configure:3146: gcc -E  conftest.c
conftest.c:9:28: fatal error: ac_nonexistent.h: No such file or directory
 #include <ac_nonexistent.h>
                            ^
compilation terminated.
configure:3146: $? = 1
configure: failed program was:
| /* confdefs.h */
| #define PACKAGE_NAME "simplereader.c"
| #define PACKAGE_TARNAME "simplereader-c"
| #define PACKAGE_VERSION "frame1.c"
| #define PACKAGE_STRING "simplereader.c frame1.c"
| #define PACKAGE_BUGREPORT ""
| #define PACKAGE_URL ""
| /* end confdefs.h.  */
| #include <ac_nonexistent.h>
configure:3171: result: gcc -E
configure:3191: gcc -E  conftest.c
configure:3191: $? = 0
configure:3205: gcc -E  conftest.c
conftest.c:9:28: fatal error: ac_nonexistent.h: No such file or directory
 #include <ac_nonexistent.h>
                            ^
compilation terminated.
configure:3205: $? = 1
configure: failed program was:
| /* confdefs.h */
| #define PACKAGE_NAME "simplereader.c"
| #define PACKAGE_TARNAME "simplereader-c"
| #define PACKAGE_VERSION "frame1.c"
| #define PACKAGE_STRING "simplereader.c frame1.c"
| #define PACKAGE_BUGREPORT ""
| #define PACKAGE_URL ""
| /* end confdefs.h.  */
| #include <ac_nonexistent.h>
configure:3234: checking for grep that handles long lines and -e
configure:3292: result: /bin/grep
configure:3297: checking for egrep
configure:3359: result: /bin/grep -E
configure:3364: checking for ANSI C header files
configure:3384: gcc -c -g -O2  conftest.c >&5
configure:3384: $? = 0
configure:3457: gcc -o conftest -g -O2   conftest.c  >&5
configure:3457: $? = 0
configure:3457: ./conftest
configure:3457: $? = 0
configure:3468: result: yes
configure:3481: checking for sys/types.h
configure:3481: gcc -c -g -O2  conftest.c >&5
configure:3481: $? = 0
configure:3481: result: yes
configure:3481: checking for sys/stat.h
configure:3481: gcc -c -g -O2  conftest.c >&5
configure:3481: $? = 0
configure:3481: result: yes
configure:3481: checking for stdlib.h
configure:3481: gcc -c -g -O2  conftest.c >&5
configure:3481: $? = 0
configure:3481: result: yes
configure:3481: checking for string.h
configure:3481: gcc -c -g -O2  conftest.c >&5
configure:3481: $? = 0
configure:3481: result: yes
configure:3481: checking for memory.h
configure:3481: gcc -c -g -O2  conftest.c >&5
configure:3481: $? = 0
configure:3481: result: yes
configure:3481: checking for strings.h
configure:3481: gcc -c -g -O2  conftest.c >&5
configure:3481: $? = 0
configure:3481: result: yes
configure:3481: checking for inttypes.h
configure:3481: gcc -c -g -O2  conftest.c >&5
configure:3481: $? = 0
configure:3481: result: yes
configure:3481: checking for stdint.h
configure:3481: gcc -c -g -O2  conftest.c >&5
configure:3481: $? = 0
configure:3481: result: yes
configure:3481: checking for unistd.h
configure:3481: gcc -c -g -O2  conftest.c >&5
configure:3481: $? = 0
configure:3481: result: yes
configure:3493: checking whether byte ordering is bigendian
configure:3508: gcc -c -g -O2  conftest.c >&5
conftest.c:20:9: error: unknown type name 'not'
         not a universal capable compiler
         ^
conftest.c:20:15: error: expected '=', ',', ';', 'asm' or '__attribute__' before 'universal'
         not a universal capable compiler
               ^
conftest.c:20:15: error: unknown type name 'universal'
configure:3508: $? = 1
configure: failed program was:
| /* confdefs.h */
| #define PACKAGE_NAME "simplereader.c"
| #define PACKAGE_TARNAME "simplereader-c"
| #define PACKAGE_VERSION "frame1.c"
| #define PACKAGE_STRING "simplereader.c frame1.c"
| #define PACKAGE_BUGREPORT ""
| #define PACKAGE_URL ""
| #define STDC_HEADERS 1
| #define HAVE_SYS_TYPES_H 1
| #define HAVE_SYS_STAT_H 1
| #define HAVE_STDLIB_H 1
| #define HAVE_STRING_H 1
| #define HAVE_MEMORY_H 1
| #define HAVE_STRINGS_H 1
| #define HAVE_INTTYPES_H 1
| #define HAVE_STDINT_H 1
| #define HAVE_UNISTD_H 1
| /* end confdefs.h.  */
| #ifndef __APPLE_CC__
| 	       not a universal capable compiler
| 	     #endif
| 	     typedef int dummy;
| 
configure:3553: gcc -c -g -O2  conftest.c >&5
configure:3553: $? = 0
configure:3571: gcc -c -g -O2  conftest.c >&5
conftest.c: In function 'main':
conftest.c:26:4: error: unknown type name 'not'
    not big endian
    ^
conftest.c:26:12: error: expected '=', ',', ';', 'asm' or '__attribute__' before 'endian'
    not big endian
            ^
configure:3571: $? = 1
configure: failed program was:
| /* confdefs.h */
| #define PACKAGE_NAME "simplereader.c"
| #define PACKAGE_TARNAME "simplereader-c"
| #define PACKAGE_VERSION "frame1.c"
| #define PACKAGE_STRING "simplereader.c frame1.c"
| #define PACKAGE_BUGREPORT ""
| #define PACKAGE_URL ""
| #define STDC_HEADERS 1
| #define HAVE_SYS_TYPES_H 1
| #define HAVE_SYS_STAT_H 1
| #define HAVE_STDLIB_H 1
| #define HAVE_STRING_H 1
| #define HAVE_MEMORY_H 1
| #define HAVE_STRINGS_H 1
| #define HAVE_INTTYPES_H 1
| #define HAVE_STDINT_H 1
| #define HAVE_UNISTD_H 1
| /* end confdefs.h.  */
| #include <sys/types.h>
| 		#include <sys/param.h>
| 
| int
| main ()
| {
| #if BYTE_ORDER != BIG_ENDIAN
| 		 not big endian
| 		#endif
| 
|   ;
|   return 0;
| }
configure:3699: result: no
configure:3718: checking whether gcc needs -traditional
configure:3752: result: no
configure:3802: checking for a BSD-compatible install
configure:3870: result: /usr/bin/install -c
configure:3924: checking for ranlib
configure:3940: found /usr/bin/ranlib
configure:3951: result: ranlib
configure:4016: checking for ar
configure:4032: found /usr/bin/ar
configure:4043: result: ar
configure:4069: checking elf.h usability
configure:4069: gcc -c -g -O2  conftest.c >&5
configure:4069: $? = 0
configure:4069: result: yes
configure:4069: checking elf.h presence
configure:4069: gcc -E  conftest.c
configure:4069: $? = 0
configure:4069: result: yes
configure:4069: checking for elf.h
configure:4069: result: yes
configure:4069: checking for unistd.h
configure:4069: result: yes
configure:4069: checking libelf.h usability
configure:4069: gcc -c -g -O2  conftest.c >&5
configure:4069: $? = 0
configure:4069: result: yes
configure:4069: checking libelf.h presence
configure:4069: gcc -E  conftest.c
configure:4069: $? = 0
configure:4069: result: yes
configure:4069: checking for libelf.h
configure:4069: result: yes
configure:4069: checking sgidefs.h usability
configure:4069: gcc -c -g -O2  conftest.c >&5
conftest.c:55:21: fatal error: sgidefs.h: No such file or directory
 #include <sgidefs.h>
                     ^
compilation terminated.
configure:4069: $? = 1
configure: failed program was:
| /* confdefs.h */
| #define PACKAGE_NAME "simplereader.c"
| #define PACKAGE_TARNAME "simplereader-c"
| #define PACKAGE_VERSION "frame1.c"
| #define PACKAGE_STRING "simplereader.c frame1.c"
| #define PACKAGE_BUGREPORT ""
| #define PACKAGE_URL ""
| #define STDC_HEADERS 1
| #define HAVE_SYS_TYPES_H 1
| #define HAVE_SYS_STAT_H 1
| #define HAVE_STDLIB_H 1
| #define HAVE_STRING_H 1
| #define HAVE_MEMORY_H 1
| #define HAVE_STRINGS_H 1
| #define HAVE_INTTYPES_H 1
| #define HAVE_STDINT_H 1
| #define HAVE_UNISTD_H 1
| #define HAVE_ELF_H 1
| #define HAVE_UNISTD_H 1
| #define HAVE_LIBELF_H 1
| /* end confdefs.h.  */
| #include <stdio.h>
| #ifdef HAVE_SYS_TYPES_H
| # include <sys/types.h>
| #endif
| #ifdef HAVE_SYS_STAT_H
| # include <sys/stat.h>
| #endif
| #ifdef STDC_HEADERS
| # include <stdlib.h>
| # include <stddef.h>
| #else
| # ifdef HAVE_STDLIB_H
| #  include <stdlib.h>
| # endif
| #endif
| #ifdef HAVE_STRING_H
| # if !defined STDC_HEADERS && defined HAVE_MEMORY_H
| #  include <memory.h>
| # endif
| # include <string.h>
| #endif
| #ifdef HAVE_STRINGS_H
| # include <strings.h>
| #endif
| #ifdef HAVE_INTTYPES_H
| # include <inttypes.h>
| #endif
| #ifdef HAVE_STDINT_H
| # include <stdint.h>
| #endif
| #ifdef HAVE_UNISTD_H
| # include <unistd.h>
| #endif
| #include <sgidefs.h>
configure:4069: result: no
configure:4069: checking sgidefs.h presence
configure:4069: gcc -E  conftest.c
conftest.c:22:21: fatal error: sgidefs.h: No such file or directory
 #include <sgidefs.h>
                     ^
compilation terminated.
configure:4069: $? = 1
configure: failed program was:
| /* confdefs.h */
| #define PACKAGE_NAME "simplereader.c"
| #define PACKAGE_TARNAME "simplereader-c"
| #define PACKAGE_VERSION "frame1.c"
| #define PACKAGE_STRING "simplereader.c frame1.c"
| #define PACKAGE_BUGREPORT ""
| #define PACKAGE_URL ""
| #define STDC_HEADERS 1
| #define HAVE_SYS_TYPES_H 1
| #define HAVE_SYS_STAT_H 1
| #define HAVE_STDLIB_H 1
| #define HAVE_STRING_H 1
| #define HAVE_MEMORY_H 1
| #define HAVE_STRINGS_H 1
| #define HAVE_INTTYPES_H 1
| #define HAVE_STDINT_H 1
| #define HAVE_UNISTD_H 1
| #define HAVE_ELF_H 1
| #define HAVE_UNISTD_H 1
| #define HAVE_LIBELF_H 1
| /* end confdefs.h.  */
| #include <sgidefs.h>
configure:4069: result: no
configure:4069: checking for sgidefs.h
configure:4069: result: no
configure:4069: checking for sys/types.h
configure:4069: result: yes
configure:4091: gcc -c -g -O2  conftest.c >&5
conftest.c:23:21: fatal error: sgidefs.h: No such file or directory
 #include <sgidefs.h>
                     ^
compilation terminated.
configure:4091: $? = 1
configure: failed program was:
| /* confdefs.h */
| #define PACKAGE_NAME "simplereader.c"
| #define PACKAGE_TARNAME "simplereader-c"
| #define PACKAGE_VERSION "frame1.c"
| #define PACKAGE_STRING "simplereader.c frame1.c"
| #define PACKAGE_BUGREPORT ""
| #define PACKAGE_URL ""
| #define STDC_HEADERS 1
| #define HAVE_SYS_TYPES_H 1
| #define HAVE_SYS_STAT_H 1
| #define HAVE_STDLIB_H 1
| #define HAVE_STRING_H 1
| #define HAVE_MEMORY_H 1
| #define HAVE_STRINGS_H 1
| #define HAVE_INTTYPES_H 1
| #define HAVE_STDINT_H 1
| #define HAVE_UNISTD_H 1
| #define HAVE_ELF_H 1
| #define HAVE_UNISTD_H 1
| #define HAVE_LIBELF_H 1
| #define HAVE_SYS_TYPES_H 1
| /* end confdefs.h.  */
| #include <sgidefs.h>
| int
| main ()
| {
|   __uint32_t p; p = 27;
|   ;
|   return 0;
| }
configure:4108: gcc -c -g -O2  conftest.c >&5
conftest.c:23:21: fatal error: sgidefs.h: No such file or directory
 #include <sgidefs.h>
                     ^
compilation terminated.
configure:4108: $? = 1
configure: failed program was:
| /* confdefs.h */
| #define PACKAGE_NAME "simplereader.c"
| #define PACKAGE_TARNAME "simplereader-c"
| #define PACKAGE_VERSION "frame1.c"
| #define PACKAGE_STRING "simplereader.c frame1.c"
| #define PACKAGE_BUGREPORT ""
| #define PACKAGE_URL ""
| #define STDC_HEADERS 1
| #define HAVE_SYS_TYPES_H 1
| #define HAVE_SYS_STAT_H 1
| #define HAVE_STDLIB_H 1
| #define HAVE_STRING_H 1
| #define HAVE_MEMORY_H 1
| #define HAVE_STRINGS_H 1
| #define HAVE_INTTYPES_H 1
| #define HAVE_STDINT_H 1
| #define HAVE_UNISTD_H 1
| #define HAVE_ELF_H 1
| #define HAVE_UNISTD_H 1
| #define HAVE_LIBELF_H 1
| #define HAVE_SYS_TYPES_H 1
| /* end confdefs.h.  */
| #include <sgidefs.h>
| int
| main ()
| {
|   __uint64_t p; p = 27;
|   ;
|   return 0;
| }
configure:4125: gcc -c -g -O2  conftest.c >&5
conftest.c:23:21: fatal error: sgidefs.h: No such file or directory
 #include <sgidefs.h>
                     ^
compilation terminated.
configure:4125: $? = 1
configure: failed program was:
| /* confdefs.h */
| #define PACKAGE_NAME "simplereader.c"
| #define PACKAGE_TARNAME "simplereader-c"
| #define PACKAGE_VERSION "frame1.c"
| #define PACKAGE_STRING "simplereader.c frame1.c"
| #define PACKAGE_BUGREPORT ""
| #define PACKAGE_URL ""
| #define STDC_HEADERS 1
| #define HAVE_SYS_TYPES_H 1
| #define HAVE_SYS_STAT_H 1
| #define HAVE_STDLIB_H 1
| #define HAVE_STRING_H 1
| #define HAVE_MEMORY_H 1
| #define HAVE_STRINGS_H 1
| #define HAVE_INTTYPES_H 1
| #define HAVE_STDINT_H 1
| #define HAVE_UNISTD_H 1
| #define HAVE_ELF_H 1
| #define HAVE_UNISTD_H 1
| #define HAVE_LIBELF_H 1
| #define HAVE_SYS_TYPES_H 1
| /* end confdefs.h.  */
| #include <sgidefs.h>
| int
| main ()
| {
|   __uint64_t p; p = 27;
|   ;
|   return 0;
| }
configure:4142: gcc -c -g -O2  conftest.c >&5
conftest.c:23:21: fatal error: sgidefs.h: No such file or directory
 #include <sgidefs.h>
                     ^
compilation terminated.
configure:4142: $? = 1
configure: failed program was:
| /* confdefs.h */
| #define PACKAGE_NAME "simplereader.c"
| #define PACKAGE_TARNAME "simplereader-c"
| #define PACKAGE_VERSION "frame1.c"
| #define PACKAGE_STRING "simplereader.c frame1.c"
| #define PACKAGE_BUGREPORT ""
| #define PACKAGE_URL ""
| #define STDC_HEADERS 1
| #define HAVE_SYS_TYPES_H 1
| #define HAVE_SYS_STAT_H 1
| #define HAVE_STDLIB_H 1
| #define HAVE_STRING_H 1
| #define HAVE_MEMORY_H 1
| #define HAVE_STRINGS_H 1
| #define HAVE_INTTYPES_H 1
| #define HAVE_STDINT_H 1
| #define HAVE_UNISTD_H 1
| #define HAVE_ELF_H 1
| #define HAVE_UNISTD_H 1
| #define HAVE_LIBELF_H 1
| #define HAVE_SYS_TYPES_H 1
| /* end confdefs.h.  */
| #include <sgidefs.h>
| int
| main ()
| {
|   __uint32_t p; p = 27;
|   ;
|   return 0;
| }
configure:4159: gcc -c -g -O2  conftest.c >&5
configure:4159: $? = 0
configure:4176: gcc -c -g -O2  conftest.c >&5
conftest.c:24:21: fatal error: sgidefs.h: No such file or directory
 #include <sgidefs.h>
                     ^
compilation terminated.
configure:4176: $? = 1
configure: failed program was:
| /* confdefs.h */
| #define PACKAGE_NAME "simplereader.c"
| #define PACKAGE_TARNAME "simplereader-c"
| #define PACKAGE_VERSION "frame1.c"
| #define PACKAGE_STRING "simplereader.c frame1.c"
| #define PACKAGE_BUGREPORT ""
| #define PACKAGE_URL ""
| #define STDC_HEADERS 1
| #define HAVE_SYS_TYPES_H 1
| #define HAVE_SYS_STAT_H 1
| #define HAVE_STDLIB_H 1
| #define HAVE_STRING_H 1
| #define HAVE_MEMORY_H 1
| #define HAVE_STRINGS_H 1
| #define HAVE_INTTYPES_H 1
| #define HAVE_STDINT_H 1
| #define HAVE_UNISTD_H 1
| #define HAVE_ELF_H 1
| #define HAVE_UNISTD_H 1
| #define HAVE_LIBELF_H 1
| #define HAVE_SYS_TYPES_H 1
| #define HAVE_INTPTR_T 1
| /* end confdefs.h.  */
| #include <sgidefs.h>
| int
| main ()
| {
|   __uint64_t p; p = 27;
|   ;
|   return 0;
| }
configure:4193: gcc -c -g -O2  conftest.c >&5
conftest.c:24:21: fatal error: sgidefs.h: No such file or directory
 #include <sgidefs.h>
                     ^
compilation terminated.
configure:4193: $? = 1
configure: failed program was:
| /* confdefs.h */
| #define PACKAGE_NAME "simplereader.c"
| #define PACKAGE_TARNAME "simplereader-c"
| #define PACKAGE_VERSION "frame1.c"
| #define PACKAGE_STRING "simplereader.c frame1.c"
| #define PACKAGE_BUGREPORT ""
| #define PACKAGE_URL ""
| #define STDC_HEADERS 1
| #define HAVE_SYS_TYPES_H 1
| #define HAVE_SYS_STAT_H 1
| #define HAVE_STDLIB_H 1
| #define HAVE_STRING_H 1
| #define HAVE_MEMORY_H 1
| #define HAVE_STRINGS_H 1
| #define HAVE_INTTYPES_H 1
| #define HAVE_STDINT_H 1
| #define HAVE_UNISTD_H 1
| #define HAVE_ELF_H 1
| #define HAVE_UNISTD_H 1
| #define HAVE_LIBELF_H 1
| #define HAVE_SYS_TYPES_H 1
| #define HAVE_INTPTR_T 1
| /* end confdefs.h.  */
| #include <sgidefs.h>
| int
| main ()
| {
|   __uint64_t p; p = 27;
|   ;
|   return 0;
| }
configure:4235: checking build -fsanitize-address
configure:4245: result: no
configure:4274: gcc -c -g -O2  conftest.c >&5
conftest.c:24:18: fatal error: zlib.h: No such file or directory
 #include "zlib.h"
                  ^
compilation terminated.
configure:4274: $? = 1
configure: failed program was:
| /* confdefs.h */
| #define PACKAGE_NAME "simplereader.c"
| #define PACKAGE_TARNAME "simplereader-c"
| #define PACKAGE_VERSION "frame1.c"
| #define PACKAGE_STRING "simplereader.c frame1.c"
| #define PACKAGE_BUGREPORT ""
| #define PACKAGE_URL ""
| #define STDC_HEADERS 1
| #define HAVE_SYS_TYPES_H 1
| #define HAVE_SYS_STAT_H 1
| #define HAVE_STDLIB_H 1
| #define HAVE_STRING_H 1
| #define HAVE_MEMORY_H 1
| #define HAVE_STRINGS_H 1
| #define HAVE_INTTYPES_H 1
| #define HAVE_STDINT_H 1
| #define HAVE_UNISTD_H 1
| #define HAVE_ELF_H 1
| #define HAVE_UNISTD_H 1
| #define HAVE_LIBELF_H 1
| #define HAVE_SYS_TYPES_H 1
| #define HAVE_INTPTR_T 1
| /* end confdefs.h.  */
| #include "zlib.h"
| int
| main ()
| {
| 
|     Bytef dest[100];
|     uLongf destlen = 100;
|     Bytef *src = 0;
|     uLong srclen = 3;
|     int res = uncompress(dest,&destlen,src,srclen);
|     if (res == Z_OK) {
|          /* ALL IS WELL */
|     }
| 
|   ;
|   return 0;
| }
configure:4401: creating ./config.status

## ---------------------- ##
## Running config.status. ##
## ---------------------- ##

This file was extended by simplereader.c config.status frame1.c, which was
generated by GNU Autoconf 2.69.  Invocation command line was

  CONFIG_FILES    = 
  CONFIG_HEADERS  = 
  CONFIG_LINKS    = 
  CONFIG_COMMANDS = 
  $ ./config.status 

on orange

config.status:816: creating Makefile
config.status:816: creating config.h
config.status:991: config.h is unchanged

## ---------------- ##
## Cache variables. ##
## ---------------- ##

ac_cv_c_bigendian=no
ac_cv_c_compiler_gnu=yes
ac_cv_cxx_compiler_gnu=no
ac_cv_env_CCC_set=
ac_cv_env_CCC_value=
ac_cv_env_CC_set=
ac_cv_env_CC_value=
ac_cv_env_CFLAGS_set=
ac_cv_env_CFLAGS_value=
ac_cv_env_CPPFLAGS_set=
ac_cv_env_CPPFLAGS_value=
ac_cv_env_CPP_set=
ac_cv_env_CPP_value=
ac_cv_env_CXXFLAGS_set=
ac_cv_env_CXXFLAGS_value=
ac_cv_env_CXX_set=
ac_cv_env_CXX_value=
ac_cv_env_LDFLAGS_set=
ac_cv_env_LDFLAGS_value=
ac_cv_env_LIBS_set=
ac_cv_env_LIBS_value=
ac_cv_env_build_alias_set=
ac_cv_env_build_alias_value=
ac_cv_env_host_alias_set=
ac_cv_env_host_alias_value=
ac_cv_env_target_alias_set=
ac_cv_env_target_alias_value=
ac_cv_header_elf_h=yes
ac_cv_header_inttypes_h=yes
ac_cv_header_libelf_h=yes
ac_cv_header_memory_h=yes
ac_cv_header_sgidefs_h=no
ac_cv_header_stdc=yes
ac_cv_header_stdint_h=yes
ac_cv_header_stdlib_h=yes
ac_cv_header_string_h=yes
ac_cv_header_strings_h=yes
ac_cv_header_sys_stat_h=yes
ac_cv_header_sys_types_h=yes
ac_cv_header_unistd_h=yes
ac_cv_objext=o
ac_cv_path_EGREP='/bin/grep -E'
ac_cv_path_GREP=/bin/grep
ac_cv_path_install='/usr/bin/install -c'
ac_cv_prog_CPP='gcc -E'
ac_cv_prog_ac_ct_AR=ar
ac_cv_prog_ac_ct_CC=gcc
ac_cv_prog_ac_ct_RANLIB=ranlib
ac_cv_prog_cc_c89=
ac_cv_prog_cc_g=yes
ac_cv_prog_cxx_g=no
ac_cv_prog_gcc_traditional=no

## ----------------- ##
## Output variables. ##
## ----------------- ##

AR='ar'
CC='gcc'
CFLAGS='-g -O2'
CPP='gcc -E'
CPPFLAGS=''
CXX='g++'
CXXFLAGS=''
DEFS='-DHAVE_CONFIG_H'
ECHO_C=''
ECHO_N='-n'
ECHO_T=''
EGREP='/bin/grep -E'
EXEEXT=''
GREP='/bin/grep'
INSTALL_DATA='${INSTALL} -m 644'
INSTALL_PROGRAM='${INSTALL}'
INSTALL_SCRIPT='${INSTALL}'
LDFLAGS=''
LIBOBJS=''
LIBS=''
LTLIBOBJS=''
OBJEXT='o'
PACKAGE_BUGREPORT=''
PACKAGE_NAME='simplereader.c'
PACKAGE_STRING='simplereader.c frame1.c'
PACKAGE_TARNAME='simplereader-c'
PACKAGE_URL=''
PACKAGE_VERSION='frame1.c'
PATH_SEPARATOR=':'
RANLIB='ranlib'
SHELL='/bin/bash'
ac_ct_CC='gcc'
ac_ct_CXX=''
bindir='${exec_prefix}/bin'
build_alias=''
build_nonshared='none.a'
datadir='${datarootdir}'
datarootdir='${prefix}/share'
docdir='${datarootdir}/doc/${PACKAGE_TARNAME}'
dvidir='${docdir}'
dwfsanitize=''
dwfwall=''
dwfzlib=''
exec_prefix='${prefix}'
host_alias=''
htmldir='${docdir}'
includedir='${prefix}/include'
infodir='${datarootdir}/info'
libdir='${exec_prefix}/lib'
libexecdir='${exec_prefix}/libexec'
localedir='${datarootdir}/locale'
localstatedir='${prefix}/var'
mandir='${datarootdir}/man'
oldincludedir='/usr/include'
pdfdir='${docdir}'
prefix='/home/orange/libdwarf'
program_transform_name='s,x,x,'
psdir='${docdir}'
runstatedir='${localstatedir}/run'
sbindir='${exec_prefix}/sbin'
sharedstatedir='${prefix}/com'
sysconfdir='${prefix}/etc'
target_alias=''

## ----------- ##
## confdefs.h. ##
## ----------- ##

/* confdefs.h */
#define PACKAGE_NAME "simplereader.c"
#define PACKAGE_TARNAME "simplereader-c"
#define PACKAGE_VERSION "frame1.c"
#define PACKAGE_STRING "simplereader.c frame1.c"
#define PACKAGE_BUGREPORT ""
#define PACKAGE_URL ""
#define STDC_HEADERS 1
#define HAVE_SYS_TYPES_H 1
#define HAVE_SYS_STAT_H 1
#define HAVE_STDLIB_H 1
#define HAVE_STRING_H 1
#define HAVE_MEMORY_H 1
#define HAVE_STRINGS_H 1
#define HAVE_INTTYPES_H 1
#define HAVE_STDINT_H 1
#define HAVE_UNISTD_H 1
#define HAVE_ELF_H 1
#define HAVE_UNISTD_H 1
#define HAVE_LIBELF_H 1
#define HAVE_SYS_TYPES_H 1
#define HAVE_INTPTR_T 1

configure: exit 0
